TN:
SF:src/AppContext.jsx
FN:11,AppProvider
FN:28,(anonymous_1)
FN:32,(anonymous_2)
FN:40,(anonymous_3)
FN:151,(anonymous_4)
FN:155,(anonymous_5)
FN:160,(anonymous_6)
FN:166,(anonymous_7)
FN:175,(anonymous_8)
FN:176,(anonymous_9)
FN:197,(anonymous_10)
FN:198,(anonymous_11)
FN:219,(anonymous_12)
FN:232,(anonymous_13)
FN:238,(anonymous_14)
FN:245,(anonymous_15)
FN:276,(anonymous_16)
FN:282,(anonymous_17)
FN:290,(anonymous_18)
FN:295,(anonymous_19)
FN:308,(anonymous_20)
FN:313,(anonymous_21)
FN:317,(anonymous_22)
FN:329,(anonymous_23)
FN:334,(anonymous_24)
FN:348,(anonymous_25)
FN:367,(anonymous_26)
FN:373,(anonymous_27)
FN:381,(anonymous_28)
FN:386,(anonymous_29)
FN:399,(anonymous_30)
FN:404,(anonymous_31)
FN:408,(anonymous_32)
FN:420,(anonymous_33)
FN:430,(anonymous_34)
FN:443,(anonymous_35)
FN:450,(anonymous_36)
FN:465,(anonymous_37)
FN:476,(anonymous_38)
FN:477,(anonymous_39)
FN:481,(anonymous_40)
FN:491,(anonymous_41)
FN:495,(anonymous_42)
FN:551,(anonymous_43)
FNF:44
FNH:0
FNDA:0,AppProvider
FNDA:0,(anonymous_1)
FNDA:0,(anonymous_2)
FNDA:0,(anonymous_3)
FNDA:0,(anonymous_4)
FNDA:0,(anonymous_5)
FNDA:0,(anonymous_6)
FNDA:0,(anonymous_7)
FNDA:0,(anonymous_8)
FNDA:0,(anonymous_9)
FNDA:0,(anonymous_10)
FNDA:0,(anonymous_11)
FNDA:0,(anonymous_12)
FNDA:0,(anonymous_13)
FNDA:0,(anonymous_14)
FNDA:0,(anonymous_15)
FNDA:0,(anonymous_16)
FNDA:0,(anonymous_17)
FNDA:0,(anonymous_18)
FNDA:0,(anonymous_19)
FNDA:0,(anonymous_20)
FNDA:0,(anonymous_21)
FNDA:0,(anonymous_22)
FNDA:0,(anonymous_23)
FNDA:0,(anonymous_24)
FNDA:0,(anonymous_25)
FNDA:0,(anonymous_26)
FNDA:0,(anonymous_27)
FNDA:0,(anonymous_28)
FNDA:0,(anonymous_29)
FNDA:0,(anonymous_30)
FNDA:0,(anonymous_31)
FNDA:0,(anonymous_32)
FNDA:0,(anonymous_33)
FNDA:0,(anonymous_34)
FNDA:0,(anonymous_35)
FNDA:0,(anonymous_36)
FNDA:0,(anonymous_37)
FNDA:0,(anonymous_38)
FNDA:0,(anonymous_39)
FNDA:0,(anonymous_40)
FNDA:0,(anonymous_41)
FNDA:0,(anonymous_42)
FNDA:0,(anonymous_43)
DA:9,2
DA:13,0
DA:14,0
DA:15,0
DA:16,0
DA:17,0
DA:18,0
DA:19,0
DA:20,0
DA:21,0
DA:22,0
DA:24,0
DA:25,0
DA:26,0
DA:28,0
DA:30,0
DA:31,0
DA:33,0
DA:34,0
DA:35,0
DA:36,0
DA:38,0
DA:42,0
DA:48,0
DA:51,0
DA:52,0
DA:53,0
DA:54,0
DA:57,0
DA:58,0
DA:60,0
DA:68,0
DA:71,0
DA:122,0
DA:136,0
DA:137,0
DA:138,0
DA:139,0
DA:140,0
DA:141,0
DA:144,0
DA:146,0
DA:152,0
DA:153,0
DA:157,0
DA:158,0
DA:162,0
DA:163,0
DA:164,0
DA:167,0
DA:170,0
DA:175,0
DA:176,0
DA:177,0
DA:178,0
DA:179,0
DA:180,0
DA:181,0
DA:183,0
DA:185,0
DA:188,0
DA:189,0
DA:193,0
DA:197,0
DA:198,0
DA:199,0
DA:200,0
DA:201,0
DA:202,0
DA:203,0
DA:205,0
DA:207,0
DA:210,0
DA:211,0
DA:215,0
DA:219,0
DA:220,0
DA:227,0
DA:229,0
DA:232,0
DA:233,0
DA:234,0
DA:235,0
DA:238,0
DA:239,0
DA:240,0
DA:245,0
DA:246,0
DA:248,0
DA:265,0
DA:268,0
DA:269,0
DA:271,0
DA:272,0
DA:276,0
DA:277,0
DA:278,0
DA:279,0
DA:281,0
DA:282,0
DA:284,0
DA:285,0
DA:286,0
DA:290,0
DA:291,0
DA:292,0
DA:293,0
DA:294,0
DA:296,0
DA:297,0
DA:299,0
DA:303,0
DA:304,0
DA:308,0
DA:309,0
DA:310,0
DA:311,0
DA:312,0
DA:314,0
DA:315,0
DA:317,0
DA:320,0
DA:324,0
DA:325,0
DA:329,0
DA:330,0
DA:331,0
DA:332,0
DA:333,0
DA:335,0
DA:336,0
DA:338,0
DA:342,0
DA:343,0
DA:348,0
DA:349,0
DA:350,0
DA:358,0
DA:359,0
DA:360,0
DA:362,0
DA:363,0
DA:367,0
DA:368,0
DA:369,0
DA:370,0
DA:372,0
DA:373,0
DA:375,0
DA:376,0
DA:377,0
DA:381,0
DA:382,0
DA:383,0
DA:384,0
DA:385,0
DA:387,0
DA:388,0
DA:390,0
DA:394,0
DA:395,0
DA:399,0
DA:400,0
DA:401,0
DA:402,0
DA:403,0
DA:405,0
DA:406,0
DA:408,0
DA:411,0
DA:415,0
DA:416,0
DA:420,0
DA:421,0
DA:422,0
DA:423,0
DA:429,0
DA:431,0
DA:432,0
DA:434,0
DA:438,0
DA:439,0
DA:443,0
DA:444,0
DA:445,0
DA:446,0
DA:448,0
DA:449,0
DA:451,0
DA:452,0
DA:454,0
DA:458,0
DA:459,0
DA:460,0
DA:465,0
DA:466,0
DA:473,0
DA:476,0
DA:477,0
DA:481,0
DA:482,0
DA:483,0
DA:484,0
DA:486,0
DA:487,0
DA:491,0
DA:492,0
DA:495,0
DA:497,0
DA:501,0
DA:547,0
DA:551,2
DA:552,0
DA:553,0
DA:554,0
DA:556,0
LF:216
LH:2
BRDA:30,0,0,0
BRDA:30,0,1,0
BRDA:30,1,0,0
BRDA:30,1,1,0
BRDA:57,2,0,0
BRDA:57,2,1,0
BRDA:57,3,0,0
BRDA:57,3,1,0
BRDA:57,3,2,0
BRDA:144,4,0,0
BRDA:144,4,1,0
BRDA:152,5,0,0
BRDA:152,5,1,0
BRDA:177,6,0,0
BRDA:177,6,1,0
BRDA:199,7,0,0
BRDA:199,7,1,0
BRDA:239,8,0,0
BRDA:239,8,1,0
BRDA:239,9,0,0
BRDA:239,9,1,0
BRDA:249,10,0,0
BRDA:249,10,1,0
BRDA:278,11,0,0
BRDA:278,11,1,0
BRDA:285,12,0,0
BRDA:285,12,1,0
BRDA:292,13,0,0
BRDA:292,13,1,0
BRDA:296,14,0,0
BRDA:296,14,1,0
BRDA:310,15,0,0
BRDA:310,15,1,0
BRDA:314,16,0,0
BRDA:314,16,1,0
BRDA:331,17,0,0
BRDA:331,17,1,0
BRDA:335,18,0,0
BRDA:335,18,1,0
BRDA:351,19,0,0
BRDA:351,19,1,0
BRDA:352,20,0,0
BRDA:352,20,1,0
BRDA:355,21,0,0
BRDA:355,21,1,0
BRDA:369,22,0,0
BRDA:369,22,1,0
BRDA:376,23,0,0
BRDA:376,23,1,0
BRDA:383,24,0,0
BRDA:383,24,1,0
BRDA:387,25,0,0
BRDA:387,25,1,0
BRDA:401,26,0,0
BRDA:401,26,1,0
BRDA:405,27,0,0
BRDA:405,27,1,0
BRDA:422,28,0,0
BRDA:422,28,1,0
BRDA:431,29,0,0
BRDA:431,29,1,0
BRDA:445,30,0,0
BRDA:445,30,1,0
BRDA:451,31,0,0
BRDA:451,31,1,0
BRDA:459,32,0,0
BRDA:459,32,1,0
BRDA:483,33,0,0
BRDA:483,33,1,0
BRDA:483,34,0,0
BRDA:483,34,1,0
BRDA:486,35,0,0
BRDA:486,35,1,0
BRDA:486,36,0,0
BRDA:486,36,1,0
BRDA:553,37,0,0
BRDA:553,37,1,0
BRF:77
BRH:0
end_of_record
TN:
SF:src/components/menu-panel/MenuPanel.jsx
FN:35,(anonymous_0)
FN:41,DrawerAppBar
FN:49,(anonymous_2)
FN:50,(anonymous_3)
FN:53,(anonymous_4)
FN:57,(anonymous_5)
FN:61,(anonymous_6)
FN:74,(anonymous_7)
FN:89,(anonymous_8)
FN:102,(anonymous_9)
FN:153,(anonymous_10)
FN:157,(anonymous_11)
FN:204,(anonymous_12)
FN:212,(anonymous_13)
FNF:14
FNH:11
FNDA:1,(anonymous_0)
FNDA:10,DrawerAppBar
FNDA:0,(anonymous_2)
FNDA:0,(anonymous_3)
FNDA:3,(anonymous_4)
FNDA:2,(anonymous_5)
FNDA:2,(anonymous_6)
FNDA:1,(anonymous_7)
FNDA:10,(anonymous_8)
FNDA:0,(anonymous_9)
FNDA:10,(anonymous_10)
FNDA:1,(anonymous_11)
FNDA:1,(anonymous_12)
FNDA:1,(anonymous_13)
DA:32,1
DA:33,1
DA:35,1
DA:36,1
DA:37,1
DA:42,10
DA:43,10
DA:44,10
DA:45,10
DA:46,10
DA:47,10
DA:49,10
DA:50,0
DA:53,10
DA:54,3
DA:57,10
DA:58,2
DA:61,10
DA:62,2
DA:63,2
DA:65,1
DA:66,1
DA:68,1
DA:69,1
DA:70,1
DA:74,10
DA:75,1
DA:77,1
DA:78,1
DA:83,10
DA:90,10
DA:102,10
DA:104,10
DA:154,10
DA:157,1
DA:204,1
DA:212,1
DA:223,1
LF:38
LH:37
BRDA:36,0,0,1
BRDA:36,0,1,0
BRDA:63,1,0,1
BRDA:63,1,1,1
BRDA:75,2,0,1
BRDA:102,3,0,0
BRDA:102,3,1,10
BRF:7
BRH:5
end_of_record
TN:
SF:src/components/play-button/PlayButton.jsx
FN:6,PlayButton
FN:9,(anonymous_1)
FNF:2
FNH:2
FNDA:6,PlayButton
FNDA:3,(anonymous_1)
DA:7,6
DA:9,6
DA:10,3
DA:13,6
DA:20,6
LF:5
LH:5
BRDA:14,0,0,2
BRDA:14,0,1,4
BRDA:16,1,0,2
BRDA:16,1,1,4
BRDA:26,2,0,2
BRDA:26,2,1,4
BRDA:28,3,0,2
BRDA:28,3,1,4
BRF:8
BRH:8
end_of_record
TN:
SF:src/components/side-panel/SidePanel.jsx
FN:23,SidePanel
FN:29,(anonymous_1)
FN:33,(anonymous_2)
FN:58,(anonymous_3)
FN:106,(anonymous_4)
FN:142,(anonymous_5)
FNF:6
FNH:3
FNDA:5,SidePanel
FNDA:1,(anonymous_1)
FNDA:0,(anonymous_2)
FNDA:15,(anonymous_3)
FNDA:0,(anonymous_4)
FNDA:0,(anonymous_5)
DA:24,5
DA:25,5
DA:26,5
DA:27,5
DA:29,5
DA:30,1
DA:33,5
DA:34,0
DA:36,5
DA:59,15
DA:61,15
DA:107,0
DA:108,0
DA:143,0
LF:14
LH:10
BRDA:77,0,0,5
BRDA:77,0,1,10
BRDA:80,1,0,5
BRDA:80,1,1,10
BRDA:81,2,0,5
BRDA:81,2,1,10
BRDA:85,3,0,5
BRDA:85,3,1,10
BRDA:97,4,0,5
BRDA:97,4,1,10
BRDA:107,5,0,0
BRDA:107,5,1,0
BRDA:118,6,0,15
BRDA:118,6,1,10
BRF:14
BRH:12
end_of_record
TN:
SF:src/models/AstronomicalEvent.js
FN:2,(anonymous_0)
FN:11,(anonymous_1)
FN:15,(anonymous_2)
FNF:3
FNH:0
FNDA:0,(anonymous_0)
FNDA:0,(anonymous_1)
FNDA:0,(anonymous_2)
DA:3,0
DA:4,0
DA:5,0
DA:6,0
DA:7,0
DA:8,0
DA:12,0
DA:16,0
LF:8
LH:0
BRDA:2,0,0,0
BRF:1
BRH:0
end_of_record
TN:
SF:src/models/Photo.js
FN:2,(anonymous_0)
FN:24,(anonymous_1)
FN:45,(anonymous_2)
FN:63,(anonymous_3)
FN:69,(anonymous_4)
FN:70,(anonymous_5)
FN:73,(anonymous_6)
FN:77,(anonymous_7)
FN:81,(anonymous_8)
FN:86,(anonymous_9)
FN:104,(anonymous_10)
FN:109,(anonymous_11)
FNF:12
FNH:2
FNDA:0,(anonymous_0)
FNDA:2,(anonymous_1)
FNDA:2,(anonymous_2)
FNDA:0,(anonymous_3)
FNDA:0,(anonymous_4)
FNDA:0,(anonymous_5)
FNDA:0,(anonymous_6)
FNDA:0,(anonymous_7)
FNDA:0,(anonymous_8)
FNDA:0,(anonymous_9)
FNDA:0,(anonymous_10)
FNDA:0,(anonymous_11)
DA:3,0
DA:4,0
DA:5,0
DA:6,0
DA:7,0
DA:8,0
DA:9,0
DA:10,0
DA:11,0
DA:12,0
DA:13,0
DA:20,0
DA:25,0
DA:37,0
DA:38,0
DA:41,0
DA:46,0
DA:56,0
DA:57,0
DA:58,0
DA:59,0
DA:60,0
DA:64,0
DA:65,0
DA:70,0
DA:74,0
DA:78,0
DA:82,0
DA:87,0
DA:105,0
DA:110,0
DA:111,0
DA:112,0
DA:113,0
LF:34
LH:0
BRDA:2,0,0,0
BRDA:2,1,0,0
BRDA:2,2,0,0
BRDA:9,3,0,0
BRDA:9,3,1,0
BRDA:37,4,0,0
BRDA:37,4,1,0
BRDA:56,5,0,0
BRDA:56,5,1,0
BRDA:57,6,0,0
BRDA:57,6,1,0
BRDA:58,7,0,0
BRDA:58,7,1,0
BRDA:64,8,0,0
BRDA:64,8,1,0
BRDA:110,9,0,0
BRDA:110,9,1,0
BRDA:111,10,0,0
BRDA:111,10,1,0
BRDA:112,11,0,0
BRDA:112,11,1,0
BRDA:113,12,0,0
BRDA:113,12,1,0
BRF:23
BRH:0
end_of_record
TN:
SF:src/models/User.js
FN:2,(anonymous_0)
FN:13,(anonymous_1)
FN:17,(anonymous_2)
FNF:3
FNH:0
FNDA:0,(anonymous_0)
FNDA:0,(anonymous_1)
FNDA:0,(anonymous_2)
DA:3,0
DA:4,0
DA:5,0
DA:6,0
DA:7,0
DA:8,0
DA:9,0
DA:10,0
DA:14,0
DA:18,0
LF:10
LH:0
BRDA:2,0,0,0
BRF:1
BRH:0
end_of_record
TN:
SF:src/pages/Community.jsx
FN:11,Community
FN:17,(anonymous_1)
FN:21,(anonymous_2)
FN:25,(anonymous_3)
FN:34,(anonymous_4)
FN:43,(anonymous_5)
FN:50,(anonymous_6)
FN:59,(anonymous_7)
FN:100,(anonymous_8)
FN:104,(anonymous_9)
FN:110,(anonymous_10)
FN:153,(anonymous_11)
FN:175,(anonymous_12)
FN:189,(anonymous_13)
FNF:14
FNH:14
FNDA:42,Community
FNDA:5,(anonymous_1)
FNDA:3,(anonymous_2)
FNDA:3,(anonymous_3)
FNDA:2,(anonymous_4)
FNDA:32,(anonymous_5)
FNDA:11,(anonymous_6)
FNDA:2,(anonymous_7)
FNDA:34,(anonymous_8)
FNDA:15,(anonymous_9)
FNDA:4,(anonymous_10)
FNDA:5,(anonymous_11)
FNDA:2,(anonymous_12)
FNDA:2,(anonymous_13)
DA:12,42
DA:13,42
DA:14,42
DA:15,42
DA:17,42
DA:18,5
DA:21,42
DA:22,3
DA:25,42
DA:26,3
DA:27,3
DA:28,2
DA:30,1
DA:34,42
DA:35,2
DA:36,2
DA:38,1
DA:43,42
DA:44,32
DA:45,27
DA:48,5
DA:49,5
DA:50,5
DA:51,11
DA:52,11
DA:53,11
DA:54,11
DA:57,11
DA:58,11
DA:59,2
DA:60,2
DA:62,2
DA:64,2
DA:65,2
DA:66,2
DA:67,2
DA:68,2
DA:69,2
DA:71,2
DA:78,0
DA:79,0
DA:84,11
DA:89,0
DA:90,0
DA:94,0
DA:95,0
DA:100,42
DA:101,34
DA:103,34
DA:104,32
DA:105,15
DA:106,15
DA:107,15
DA:109,2
DA:110,2
DA:111,4
DA:112,4
DA:113,4
DA:117,0
DA:120,42
DA:153,5
DA:175,2
DA:189,2
LF:63
LH:56
BRDA:44,0,0,27
BRDA:44,0,1,5
BRDA:52,1,0,11
BRDA:52,1,1,0
BRDA:53,2,0,11
BRDA:53,2,1,0
BRDA:54,3,0,11
BRDA:54,3,1,0
BRDA:58,4,0,2
BRDA:58,4,1,9
BRDA:58,5,0,11
BRDA:58,5,1,11
BRDA:62,6,0,0
BRDA:62,6,1,2
BRDA:62,7,0,2
BRDA:62,7,1,2
BRDA:64,8,0,2
BRDA:64,8,1,0
BRDA:65,9,0,2
BRDA:65,9,1,2
BRDA:66,10,0,2
BRDA:66,10,1,0
BRDA:67,11,0,2
BRDA:67,11,1,2
BRDA:68,12,0,2
BRDA:68,12,1,2
BRDA:69,13,0,2
BRDA:69,13,1,2
BRDA:71,14,0,2
BRDA:71,14,1,2
BRDA:71,14,2,2
BRDA:71,14,3,1
BRDA:71,14,4,1
BRDA:71,14,5,1
BRDA:84,15,0,11
BRDA:84,15,1,10
BRDA:84,15,2,7
BRDA:84,15,3,6
BRDA:103,16,0,32
BRDA:103,16,1,2
BRDA:105,17,0,15
BRDA:105,17,1,0
BRDA:106,18,0,15
BRDA:106,18,1,0
BRDA:109,19,0,2
BRDA:109,19,1,0
BRDA:111,20,0,4
BRDA:111,20,1,0
BRDA:112,21,0,4
BRDA:112,21,1,0
BRDA:176,22,0,40
BRDA:176,22,1,2
BRDA:178,23,0,40
BRDA:178,23,1,2
BRDA:179,24,0,40
BRDA:179,24,1,2
BRDA:181,25,0,40
BRDA:181,25,1,2
BRDA:190,26,0,2
BRDA:190,26,1,40
BRDA:192,27,0,2
BRDA:192,27,1,40
BRDA:193,28,0,2
BRDA:193,28,1,40
BRDA:195,29,0,2
BRDA:195,29,1,40
BRDA:205,30,0,2
BRDA:205,30,1,40
BRF:68
BRH:57
end_of_record
TN:
SF:src/pages/Gallery.jsx
FN:8,Gallery
FN:12,(anonymous_1)
FN:16,(anonymous_2)
FN:20,(anonymous_3)
FN:29,(anonymous_4)
FN:38,(anonymous_5)
FNF:6
FNH:6
FNDA:21,Gallery
FNDA:5,(anonymous_1)
FNDA:1,(anonymous_2)
FNDA:3,(anonymous_3)
FNDA:2,(anonymous_4)
FNDA:6,(anonymous_5)
DA:9,21
DA:10,21
DA:12,21
DA:13,5
DA:16,21
DA:17,1
DA:20,21
DA:21,3
DA:22,3
DA:23,2
DA:25,1
DA:29,21
DA:30,2
DA:31,2
DA:33,1
DA:38,21
DA:51,21
LF:17
LH:17
BRDA:39,0,0,6
BRDA:39,0,1,0
BRDA:43,1,0,5
BRDA:43,1,1,1
BRDA:44,2,0,5
BRDA:44,2,1,1
BRDA:45,3,0,6
BRDA:45,3,1,3
BRDA:80,4,0,2
BRDA:80,4,1,19
BRF:10
BRH:9
end_of_record
TN:
SF:src/services/api.js
FN:5,(anonymous_0)
FN:16,(anonymous_1)
FN:33,(anonymous_2)
FN:50,(anonymous_3)
FN:66,(anonymous_4)
FN:83,(anonymous_5)
FN:96,(anonymous_6)
FN:115,(anonymous_7)
FN:126,(anonymous_8)
FN:137,(anonymous_9)
FN:154,(anonymous_10)
FN:171,(anonymous_11)
FN:187,(anonymous_12)
FN:204,(anonymous_13)
FN:217,(anonymous_14)
FN:234,(anonymous_15)
FNF:16
FNH:0
FNDA:0,(anonymous_0)
FNDA:0,(anonymous_1)
FNDA:0,(anonymous_2)
FNDA:0,(anonymous_3)
FNDA:0,(anonymous_4)
FNDA:0,(anonymous_5)
FNDA:0,(anonymous_6)
FNDA:0,(anonymous_7)
FNDA:0,(anonymous_8)
FNDA:0,(anonymous_9)
FNDA:0,(anonymous_10)
FNDA:0,(anonymous_11)
FNDA:0,(anonymous_12)
FNDA:0,(anonymous_13)
FNDA:0,(anonymous_14)
FNDA:0,(anonymous_15)
DA:1,2
DA:5,2
DA:6,0
DA:7,0
DA:8,0
DA:9,0
DA:11,0
DA:12,0
DA:16,2
DA:17,0
DA:18,0
DA:25,0
DA:26,0
DA:28,0
DA:29,0
DA:33,2
DA:34,0
DA:35,0
DA:42,0
DA:43,0
DA:45,0
DA:46,0
DA:50,2
DA:51,0
DA:52,0
DA:55,0
DA:56,0
DA:57,0
DA:59,0
DA:61,0
DA:62,0
DA:66,2
DA:67,0
DA:68,0
DA:75,0
DA:76,0
DA:78,0
DA:79,0
DA:83,2
DA:84,0
DA:85,0
DA:88,0
DA:89,0
DA:91,0
DA:92,0
DA:96,2
DA:97,0
DA:98,0
DA:105,0
DA:106,0
DA:108,0
DA:109,0
DA:115,2
DA:116,0
DA:117,0
DA:118,0
DA:119,0
DA:121,0
DA:122,0
DA:126,2
DA:127,0
DA:128,0
DA:129,0
DA:130,0
DA:132,0
DA:133,0
DA:137,2
DA:138,0
DA:139,0
DA:146,0
DA:147,0
DA:149,0
DA:150,0
DA:154,2
DA:155,0
DA:156,0
DA:163,0
DA:164,0
DA:166,0
DA:167,0
DA:171,2
DA:172,0
DA:173,0
DA:176,0
DA:177,0
DA:178,0
DA:180,0
DA:182,0
DA:183,0
DA:187,2
DA:188,0
DA:189,0
DA:196,0
DA:197,0
DA:199,0
DA:200,0
DA:204,2
DA:205,0
DA:206,0
DA:209,0
DA:210,0
DA:212,0
DA:213,0
DA:217,2
DA:218,0
DA:219,0
DA:226,0
DA:227,0
DA:229,0
DA:230,0
DA:234,2
DA:235,0
DA:236,0
DA:239,0
DA:240,0
DA:241,0
DA:243,0
DA:245,0
DA:246,0
LF:119
LH:17
BRDA:8,0,0,0
BRDA:8,0,1,0
BRDA:25,1,0,0
BRDA:25,1,1,0
BRDA:42,2,0,0
BRDA:42,2,1,0
BRDA:55,3,0,0
BRDA:55,3,1,0
BRDA:57,4,0,0
BRDA:57,4,1,0
BRDA:75,5,0,0
BRDA:75,5,1,0
BRDA:88,6,0,0
BRDA:88,6,1,0
BRDA:105,7,0,0
BRDA:105,7,1,0
BRDA:118,8,0,0
BRDA:118,8,1,0
BRDA:129,9,0,0
BRDA:129,9,1,0
BRDA:146,10,0,0
BRDA:146,10,1,0
BRDA:163,11,0,0
BRDA:163,11,1,0
BRDA:176,12,0,0
BRDA:176,12,1,0
BRDA:178,13,0,0
BRDA:178,13,1,0
BRDA:196,14,0,0
BRDA:196,14,1,0
BRDA:209,15,0,0
BRDA:209,15,1,0
BRDA:226,16,0,0
BRDA:226,16,1,0
BRDA:239,17,0,0
BRDA:239,17,1,0
BRDA:241,18,0,0
BRDA:241,18,1,0
BRF:38
BRH:0
end_of_record
TN:
SF:src/three-app/ConfigMenu.jsx
FN:4,ConfigMenu
FN:19,(anonymous_1)
FN:28,(anonymous_2)
FN:37,(anonymous_3)
FN:49,(anonymous_4)
FN:51,(anonymous_5)
FN:59,(anonymous_6)
FN:122,(anonymous_7)
FN:145,(anonymous_8)
FN:155,(anonymous_9)
FN:169,(anonymous_10)
FN:182,(anonymous_11)
FNF:12
FNH:10
FNDA:13,ConfigMenu
FNDA:4,(anonymous_1)
FNDA:4,(anonymous_2)
FNDA:4,(anonymous_3)
FNDA:1,(anonymous_4)
FNDA:4,(anonymous_5)
FNDA:1,(anonymous_6)
FNDA:2,(anonymous_7)
FNDA:0,(anonymous_8)
FNDA:0,(anonymous_9)
FNDA:1,(anonymous_10)
FNDA:1,(anonymous_11)
DA:12,13
DA:13,13
DA:14,13
DA:15,13
DA:16,13
DA:19,13
DA:20,4
DA:21,4
DA:22,4
DA:24,0
DA:28,13
DA:29,4
DA:30,4
DA:31,4
DA:33,0
DA:37,13
DA:38,4
DA:39,4
DA:42,4
DA:43,4
DA:44,4
DA:45,4
DA:46,4
DA:49,13
DA:51,13
DA:52,4
DA:53,0
DA:55,4
DA:59,13
DA:60,1
DA:61,1
DA:62,1
DA:63,1
DA:65,0
DA:67,1
DA:68,1
DA:70,1
DA:71,1
DA:73,1
DA:76,13
DA:122,2
DA:145,0
DA:155,0
DA:169,1
DA:182,1
DA:223,1
LF:46
LH:40
BRDA:21,0,0,0
BRDA:21,0,1,4
BRDA:21,1,0,4
BRDA:21,1,1,4
BRDA:30,2,0,0
BRDA:30,2,1,4
BRDA:30,3,0,4
BRDA:30,3,1,4
BRDA:52,4,0,0
BRDA:52,4,1,4
BRDA:107,5,0,13
BRDA:107,5,1,6
BRDA:120,6,0,13
BRDA:120,6,1,6
BRF:14
BRH:11
end_of_record
