TN:
SF:src/AppContext.jsx
FN:11,AppProvider
FN:29,(anonymous_1)
FN:33,(anonymous_2)
FN:41,(anonymous_3)
FN:157,(anonymous_4)
FN:161,(anonymous_5)
FN:166,(anonymous_6)
FN:172,(anonymous_7)
FN:181,(anonymous_8)
FN:182,(anonymous_9)
FN:203,(anonymous_10)
FN:204,(anonymous_11)
FN:225,(anonymous_12)
FN:238,(anonymous_13)
FN:244,(anonymous_14)
FN:251,(anonymous_15)
FN:282,(anonymous_16)
FN:288,(anonymous_17)
FN:296,(anonymous_18)
FN:301,(anonymous_19)
FN:314,(anonymous_20)
FN:319,(anonymous_21)
FN:323,(anonymous_22)
FN:335,(anonymous_23)
FN:340,(anonymous_24)
FN:354,(anonymous_25)
FN:373,(anonymous_26)
FN:379,(anonymous_27)
FN:387,(anonymous_28)
FN:392,(anonymous_29)
FN:405,(anonymous_30)
FN:410,(anonymous_31)
FN:414,(anonymous_32)
FN:426,(anonymous_33)
FN:437,(anonymous_34)
FN:450,(anonymous_35)
FN:461,(anonymous_36)
FN:476,(anonymous_37)
FN:487,(anonymous_38)
FN:488,(anonymous_39)
FN:492,(anonymous_40)
FN:502,(anonymous_41)
FN:506,(anonymous_42)
FN:511,(anonymous_43)
FN:512,(anonymous_44)
FN:568,(anonymous_45)
FNF:46
FNH:46
FNDA:176,AppProvider
FNDA:42,(anonymous_1)
FNDA:1,(anonymous_2)
FNDA:38,(anonymous_3)
FNDA:35,(anonymous_4)
FNDA:1,(anonymous_5)
FNDA:34,(anonymous_6)
FNDA:35,(anonymous_7)
FNDA:66,(anonymous_8)
FNDA:66,(anonymous_9)
FNDA:66,(anonymous_10)
FNDA:66,(anonymous_11)
FNDA:19,(anonymous_12)
FNDA:3,(anonymous_13)
FNDA:2,(anonymous_14)
FNDA:1,(anonymous_15)
FNDA:2,(anonymous_16)
FNDA:1,(anonymous_17)
FNDA:2,(anonymous_18)
FNDA:1,(anonymous_19)
FNDA:1,(anonymous_20)
FNDA:1,(anonymous_21)
FNDA:1,(anonymous_22)
FNDA:1,(anonymous_23)
FNDA:1,(anonymous_24)
FNDA:1,(anonymous_25)
FNDA:2,(anonymous_26)
FNDA:1,(anonymous_27)
FNDA:2,(anonymous_28)
FNDA:1,(anonymous_29)
FNDA:1,(anonymous_30)
FNDA:1,(anonymous_31)
FNDA:1,(anonymous_32)
FNDA:1,(anonymous_33)
FNDA:1,(anonymous_34)
FNDA:2,(anonymous_35)
FNDA:1,(anonymous_36)
FNDA:2,(anonymous_37)
FNDA:1,(anonymous_38)
FNDA:1,(anonymous_39)
FNDA:3,(anonymous_40)
FNDA:1,(anonymous_41)
FNDA:1,(anonymous_42)
FNDA:5,(anonymous_43)
FNDA:5,(anonymous_44)
FNDA:177,(anonymous_45)
DA:9,5
DA:13,176
DA:14,176
DA:15,176
DA:16,176
DA:17,176
DA:18,176
DA:19,176
DA:20,176
DA:21,176
DA:22,176
DA:24,176
DA:25,176
DA:26,176
DA:27,176
DA:29,176
DA:31,42
DA:32,39
DA:34,1
DA:35,1
DA:36,1
DA:37,1
DA:39,1
DA:43,38
DA:49,3
DA:52,42
DA:53,42
DA:54,42
DA:55,42
DA:58,42
DA:62,0
DA:64,0
DA:72,0
DA:75,0
DA:128,0
DA:142,0
DA:143,0
DA:144,0
DA:145,0
DA:146,0
DA:147,0
DA:150,42
DA:152,35
DA:158,35
DA:159,1
DA:163,1
DA:164,1
DA:168,34
DA:169,34
DA:170,34
DA:173,35
DA:176,7
DA:181,176
DA:182,66
DA:183,66
DA:184,21
DA:185,21
DA:186,21
DA:187,19
DA:189,2
DA:191,21
DA:194,45
DA:195,45
DA:199,66
DA:203,176
DA:204,66
DA:205,66
DA:206,21
DA:207,21
DA:208,21
DA:209,19
DA:211,2
DA:213,21
DA:216,45
DA:217,45
DA:221,66
DA:225,176
DA:226,19
DA:233,19
DA:235,19
DA:238,176
DA:239,3
DA:240,3
DA:241,3
DA:244,176
DA:245,2
DA:246,1
DA:251,176
DA:252,1
DA:254,1
DA:271,1
DA:274,0
DA:275,0
DA:277,1
DA:278,1
DA:282,176
DA:283,2
DA:284,2
DA:285,1
DA:287,1
DA:288,1
DA:290,1
DA:291,1
DA:292,1
DA:296,176
DA:297,2
DA:298,2
DA:299,1
DA:300,1
DA:302,1
DA:303,1
DA:305,0
DA:309,0
DA:310,0
DA:314,176
DA:315,1
DA:316,1
DA:317,1
DA:318,1
DA:320,1
DA:321,1
DA:323,1
DA:326,0
DA:330,0
DA:331,0
DA:335,176
DA:336,1
DA:337,1
DA:338,1
DA:339,1
DA:341,1
DA:342,1
DA:344,0
DA:348,0
DA:349,0
DA:354,176
DA:355,1
DA:356,1
DA:364,1
DA:365,1
DA:366,1
DA:368,0
DA:369,0
DA:373,176
DA:374,2
DA:375,2
DA:376,1
DA:378,1
DA:379,1
DA:381,1
DA:382,1
DA:383,1
DA:387,176
DA:388,2
DA:389,2
DA:390,1
DA:391,1
DA:393,1
DA:394,1
DA:396,0
DA:400,0
DA:401,0
DA:405,176
DA:406,1
DA:407,1
DA:408,1
DA:409,1
DA:411,1
DA:412,1
DA:414,1
DA:417,0
DA:421,0
DA:422,0
DA:426,176
DA:427,1
DA:428,1
DA:429,1
DA:436,1
DA:438,1
DA:439,1
DA:441,0
DA:445,0
DA:446,0
DA:450,176
DA:451,2
DA:452,2
DA:453,1
DA:455,1
DA:460,1
DA:462,1
DA:463,1
DA:465,0
DA:469,1
DA:470,1
DA:471,1
DA:476,176
DA:477,2
DA:484,2
DA:487,176
DA:488,1
DA:492,176
DA:493,3
DA:494,3
DA:495,2
DA:497,3
DA:498,2
DA:502,176
DA:503,1
DA:506,176
DA:508,1
DA:511,176
DA:512,5
DA:516,176
DA:564,176
DA:568,5
DA:569,177
DA:570,177
DA:571,2
DA:573,175
LF:219
LH:185
BRDA:31,0,0,39
BRDA:31,0,1,3
BRDA:31,1,0,42
BRDA:31,1,1,42
BRDA:58,2,0,0
BRDA:58,2,1,42
BRDA:59,3,0,42
BRDA:59,3,1,42
BRDA:59,3,2,42
BRDA:150,4,0,35
BRDA:150,4,1,7
BRDA:158,5,0,34
BRDA:158,5,1,1
BRDA:183,6,0,21
BRDA:183,6,1,45
BRDA:205,7,0,21
BRDA:205,7,1,45
BRDA:245,8,0,1
BRDA:245,8,1,1
BRDA:245,9,0,2
BRDA:245,9,1,2
BRDA:255,10,0,1
BRDA:255,10,1,0
BRDA:284,11,0,1
BRDA:284,11,1,1
BRDA:291,12,0,1
BRDA:291,12,1,0
BRDA:298,13,0,1
BRDA:298,13,1,1
BRDA:302,14,0,1
BRDA:302,14,1,0
BRDA:316,15,0,0
BRDA:316,15,1,1
BRDA:320,16,0,1
BRDA:320,16,1,0
BRDA:337,17,0,0
BRDA:337,17,1,1
BRDA:341,18,0,1
BRDA:341,18,1,0
BRDA:357,19,0,1
BRDA:357,19,1,1
BRDA:358,20,0,1
BRDA:358,20,1,1
BRDA:361,21,0,1
BRDA:361,21,1,1
BRDA:375,22,0,1
BRDA:375,22,1,1
BRDA:382,23,0,1
BRDA:382,23,1,0
BRDA:389,24,0,1
BRDA:389,24,1,1
BRDA:393,25,0,1
BRDA:393,25,1,0
BRDA:407,26,0,0
BRDA:407,26,1,1
BRDA:411,27,0,1
BRDA:411,27,1,0
BRDA:428,28,0,0
BRDA:428,28,1,1
BRDA:438,29,0,1
BRDA:438,29,1,0
BRDA:452,30,0,1
BRDA:452,30,1,1
BRDA:462,31,0,1
BRDA:462,31,1,0
BRDA:470,32,0,1
BRDA:470,32,1,0
BRDA:494,33,0,2
BRDA:494,33,1,1
BRDA:494,34,0,3
BRDA:494,34,1,3
BRDA:497,35,0,2
BRDA:497,35,1,1
BRDA:497,36,0,3
BRDA:497,36,1,3
BRDA:512,37,0,3
BRDA:512,37,1,2
BRDA:570,38,0,2
BRDA:570,38,1,175
BRF:79
BRH:63
end_of_record
TN:
SF:src/components/menu-panel/MenuPanel.jsx
FN:35,(anonymous_0)
FN:41,DrawerAppBar
FN:49,(anonymous_2)
FN:50,(anonymous_3)
FN:53,(anonymous_4)
FN:57,(anonymous_5)
FN:61,(anonymous_6)
FN:74,(anonymous_7)
FN:89,(anonymous_8)
FN:102,(anonymous_9)
FN:153,(anonymous_10)
FN:157,(anonymous_11)
FN:204,(anonymous_12)
FN:212,(anonymous_13)
FNF:14
FNH:11
FNDA:1,(anonymous_0)
FNDA:10,DrawerAppBar
FNDA:0,(anonymous_2)
FNDA:0,(anonymous_3)
FNDA:3,(anonymous_4)
FNDA:2,(anonymous_5)
FNDA:2,(anonymous_6)
FNDA:1,(anonymous_7)
FNDA:10,(anonymous_8)
FNDA:0,(anonymous_9)
FNDA:10,(anonymous_10)
FNDA:1,(anonymous_11)
FNDA:1,(anonymous_12)
FNDA:1,(anonymous_13)
DA:32,1
DA:33,1
DA:35,1
DA:36,1
DA:37,1
DA:42,10
DA:43,10
DA:44,10
DA:45,10
DA:46,10
DA:47,10
DA:49,10
DA:50,0
DA:53,10
DA:54,3
DA:57,10
DA:58,2
DA:61,10
DA:62,2
DA:63,2
DA:65,1
DA:66,1
DA:68,1
DA:69,1
DA:70,1
DA:74,10
DA:75,1
DA:77,1
DA:78,1
DA:83,10
DA:90,10
DA:102,10
DA:104,10
DA:154,10
DA:157,1
DA:204,1
DA:212,1
DA:223,1
LF:38
LH:37
BRDA:36,0,0,1
BRDA:36,0,1,0
BRDA:63,1,0,1
BRDA:63,1,1,1
BRDA:75,2,0,1
BRDA:102,3,0,0
BRDA:102,3,1,10
BRF:7
BRH:5
end_of_record
TN:
SF:src/components/play-button/PlayButton.jsx
FN:7,PlayButton
FN:11,(anonymous_1)
FNF:2
FNH:2
FNDA:9,PlayButton
FNDA:3,(anonymous_1)
DA:8,9
DA:9,9
DA:11,9
DA:12,3
DA:13,3
DA:16,9
DA:23,9
LF:7
LH:7
BRDA:17,0,0,2
BRDA:17,0,1,7
BRDA:19,1,0,2
BRDA:19,1,1,7
BRDA:29,2,0,2
BRDA:29,2,1,7
BRDA:31,3,0,2
BRDA:31,3,1,7
BRF:8
BRH:8
end_of_record
TN:
SF:src/components/side-panel/SidePanel.jsx
FN:23,SidePanel
FN:29,(anonymous_1)
FN:33,(anonymous_2)
FN:58,(anonymous_3)
FN:108,(anonymous_4)
FN:142,(anonymous_5)
FNF:6
FNH:3
FNDA:5,SidePanel
FNDA:1,(anonymous_1)
FNDA:0,(anonymous_2)
FNDA:15,(anonymous_3)
FNDA:0,(anonymous_4)
FNDA:0,(anonymous_5)
DA:24,5
DA:25,5
DA:26,5
DA:27,5
DA:29,5
DA:30,1
DA:33,5
DA:34,0
DA:36,5
DA:59,15
DA:61,15
DA:109,0
DA:143,0
LF:13
LH:10
BRDA:77,0,0,5
BRDA:77,0,1,10
BRDA:80,1,0,5
BRDA:80,1,1,10
BRDA:81,2,0,5
BRDA:81,2,1,10
BRDA:87,3,0,5
BRDA:87,3,1,10
BRDA:99,4,0,5
BRDA:99,4,1,10
BRDA:118,5,0,15
BRDA:118,5,1,10
BRF:12
BRH:12
end_of_record
TN:
SF:src/models/AstronomicalEvent.js
FN:2,(anonymous_0)
FN:11,(anonymous_1)
FN:15,(anonymous_2)
FNF:3
FNH:2
FNDA:2,(anonymous_0)
FNDA:1,(anonymous_1)
FNDA:0,(anonymous_2)
DA:3,2
DA:4,2
DA:5,2
DA:6,2
DA:7,2
DA:8,2
DA:12,1
DA:16,0
LF:8
LH:7
BRDA:2,0,0,2
BRF:1
BRH:1
end_of_record
TN:
SF:src/models/Photo.js
FN:2,(anonymous_0)
FN:24,(anonymous_1)
FN:45,(anonymous_2)
FN:63,(anonymous_3)
FN:69,(anonymous_4)
FN:70,(anonymous_5)
FN:73,(anonymous_6)
FN:77,(anonymous_7)
FN:81,(anonymous_8)
FN:86,(anonymous_9)
FN:104,(anonymous_10)
FN:109,(anonymous_11)
FNF:12
FNH:12
FNDA:43,(anonymous_0)
FNDA:6,(anonymous_1)
FNDA:6,(anonymous_2)
FNDA:11,(anonymous_3)
FNDA:3,(anonymous_4)
FNDA:5,(anonymous_5)
FNDA:7,(anonymous_6)
FNDA:5,(anonymous_7)
FNDA:5,(anonymous_8)
FNDA:5,(anonymous_9)
FNDA:5,(anonymous_10)
FNDA:8,(anonymous_11)
DA:3,43
DA:4,43
DA:5,43
DA:6,43
DA:7,43
DA:8,43
DA:9,43
DA:10,43
DA:11,43
DA:12,43
DA:13,43
DA:20,43
DA:25,6
DA:37,6
DA:38,3
DA:41,6
DA:46,5
DA:56,5
DA:57,5
DA:58,5
DA:59,5
DA:60,5
DA:64,11
DA:65,9
DA:70,5
DA:74,7
DA:78,5
DA:82,5
DA:87,5
DA:105,5
DA:110,8
DA:111,8
DA:112,8
DA:113,8
LF:34
LH:34
BRDA:2,0,0,43
BRDA:2,1,0,43
BRDA:2,2,0,43
BRDA:9,3,0,43
BRDA:9,3,1,32
BRDA:37,4,0,3
BRDA:37,4,1,3
BRDA:56,5,0,5
BRDA:56,5,1,3
BRDA:57,6,0,5
BRDA:57,6,1,3
BRDA:58,7,0,5
BRDA:58,7,1,3
BRDA:64,8,0,9
BRDA:64,8,1,2
BRDA:110,9,0,3
BRDA:110,9,1,5
BRDA:111,10,0,3
BRDA:111,10,1,5
BRDA:112,11,0,2
BRDA:112,11,1,6
BRDA:113,12,0,1
BRDA:113,12,1,7
BRF:23
BRH:23
end_of_record
TN:
SF:src/models/User.js
FN:2,(anonymous_0)
FN:13,(anonymous_1)
FN:17,(anonymous_2)
FNF:3
FNH:1
FNDA:19,(anonymous_0)
FNDA:0,(anonymous_1)
FNDA:0,(anonymous_2)
DA:3,19
DA:4,19
DA:5,19
DA:6,19
DA:7,19
DA:8,19
DA:9,19
DA:10,19
DA:14,0
DA:18,0
LF:10
LH:8
BRDA:2,0,0,19
BRF:1
BRH:1
end_of_record
TN:
SF:src/pages/AstronomicalEvents.jsx
FN:21,Transition2
FN:25,(anonymous_1)
FN:37,(anonymous_2)
FN:49,AstronomicalEvents
FN:60,(anonymous_4)
FN:85,(anonymous_5)
FN:119,(anonymous_6)
FNF:7
FNH:6
FNDA:0,Transition2
FNDA:9145,(anonymous_1)
FNDA:20,(anonymous_2)
FNDA:72,AstronomicalEvents
FNDA:25,(anonymous_4)
FNDA:20,(anonymous_5)
FNDA:2,(anonymous_6)
DA:21,1
DA:22,0
DA:25,1
DA:26,9145
DA:27,8413
DA:28,8413
DA:29,7681
DA:30,7681
DA:31,0
DA:32,0
DA:33,0
DA:34,0
DA:37,1
DA:38,20
DA:39,18
DA:40,18
DA:41,16
DA:42,16
DA:43,0
DA:44,0
DA:45,0
DA:46,0
DA:50,72
DA:51,72
DA:52,72
DA:53,72
DA:54,72
DA:56,72
DA:57,72
DA:60,72
DA:61,25
DA:62,25
DA:65,25
DA:66,9125
DA:67,9125
DA:68,9125
DA:70,9125
DA:71,9125
DA:72,9125
DA:74,9125
DA:82,25
DA:85,72
DA:86,20
DA:87,20
DA:89,20
DA:92,20
DA:93,20
DA:94,20
DA:96,20
DA:115,20
DA:116,20
DA:119,72
DA:120,2
DA:121,2
DA:124,72
LF:55
LH:46
BRDA:26,0,0,732
BRDA:26,0,1,8413
BRDA:27,1,0,0
BRDA:27,1,1,8413
BRDA:28,2,0,732
BRDA:28,2,1,7681
BRDA:29,3,0,0
BRDA:29,3,1,7681
BRDA:30,4,0,7681
BRDA:30,4,1,0
BRDA:31,5,0,0
BRDA:31,5,1,0
BRDA:32,6,0,0
BRDA:32,6,1,0
BRDA:33,7,0,0
BRDA:33,7,1,0
BRDA:38,8,0,2
BRDA:38,8,1,18
BRDA:39,9,0,0
BRDA:39,9,1,18
BRDA:40,10,0,2
BRDA:40,10,1,16
BRDA:41,11,0,0
BRDA:41,11,1,16
BRDA:42,12,0,16
BRDA:42,12,1,0
BRDA:43,13,0,0
BRDA:43,13,1,0
BRDA:44,14,0,0
BRDA:44,14,1,0
BRDA:45,15,0,0
BRDA:45,15,1,0
BRDA:56,16,0,72
BRDA:56,16,1,3
BRDA:57,17,0,72
BRDA:57,17,1,3
BRDA:100,18,0,19
BRDA:100,18,1,1
BRDA:106,19,0,19
BRDA:106,19,1,1
BRDA:242,20,0,20
BRDA:242,20,1,52
BRF:42
BRH:24
end_of_record
TN:
SF:src/pages/Community.jsx
FN:11,Community
FN:17,(anonymous_1)
FN:21,(anonymous_2)
FN:25,(anonymous_3)
FN:34,(anonymous_4)
FN:43,(anonymous_5)
FN:50,(anonymous_6)
FN:59,(anonymous_7)
FN:100,(anonymous_8)
FN:104,(anonymous_9)
FN:110,(anonymous_10)
FN:154,(anonymous_11)
FN:176,(anonymous_12)
FN:190,(anonymous_13)
FNF:14
FNH:14
FNDA:41,Community
FNDA:5,(anonymous_1)
FNDA:3,(anonymous_2)
FNDA:3,(anonymous_3)
FNDA:1,(anonymous_4)
FNDA:32,(anonymous_5)
FNDA:11,(anonymous_6)
FNDA:2,(anonymous_7)
FNDA:34,(anonymous_8)
FNDA:16,(anonymous_9)
FNDA:4,(anonymous_10)
FNDA:5,(anonymous_11)
FNDA:2,(anonymous_12)
FNDA:2,(anonymous_13)
DA:12,41
DA:13,41
DA:14,41
DA:15,41
DA:17,41
DA:18,5
DA:21,41
DA:22,3
DA:25,41
DA:26,3
DA:27,3
DA:28,2
DA:30,1
DA:34,41
DA:35,1
DA:36,1
DA:38,0
DA:43,41
DA:44,32
DA:45,27
DA:48,5
DA:49,5
DA:50,5
DA:51,11
DA:52,11
DA:53,11
DA:54,11
DA:57,11
DA:58,11
DA:59,2
DA:60,2
DA:62,2
DA:64,2
DA:65,2
DA:66,2
DA:67,2
DA:68,2
DA:69,2
DA:71,2
DA:78,0
DA:79,0
DA:84,11
DA:89,0
DA:90,0
DA:94,0
DA:95,0
DA:100,41
DA:101,34
DA:103,34
DA:104,32
DA:105,16
DA:106,16
DA:107,16
DA:109,2
DA:110,2
DA:111,4
DA:112,4
DA:113,4
DA:117,0
DA:120,41
DA:154,5
DA:176,2
DA:190,2
LF:63
LH:55
BRDA:44,0,0,27
BRDA:44,0,1,5
BRDA:52,1,0,11
BRDA:52,1,1,0
BRDA:53,2,0,11
BRDA:53,2,1,0
BRDA:54,3,0,11
BRDA:54,3,1,0
BRDA:58,4,0,2
BRDA:58,4,1,9
BRDA:58,5,0,11
BRDA:58,5,1,11
BRDA:62,6,0,0
BRDA:62,6,1,2
BRDA:62,7,0,2
BRDA:62,7,1,2
BRDA:64,8,0,2
BRDA:64,8,1,0
BRDA:65,9,0,2
BRDA:65,9,1,2
BRDA:66,10,0,2
BRDA:66,10,1,0
BRDA:67,11,0,2
BRDA:67,11,1,2
BRDA:68,12,0,2
BRDA:68,12,1,2
BRDA:69,13,0,2
BRDA:69,13,1,2
BRDA:71,14,0,2
BRDA:71,14,1,2
BRDA:71,14,2,2
BRDA:71,14,3,1
BRDA:71,14,4,1
BRDA:71,14,5,1
BRDA:84,15,0,11
BRDA:84,15,1,10
BRDA:84,15,2,7
BRDA:84,15,3,6
BRDA:103,16,0,32
BRDA:103,16,1,2
BRDA:105,17,0,16
BRDA:105,17,1,0
BRDA:106,18,0,16
BRDA:106,18,1,0
BRDA:109,19,0,2
BRDA:109,19,1,0
BRDA:111,20,0,4
BRDA:111,20,1,0
BRDA:112,21,0,4
BRDA:112,21,1,0
BRDA:177,22,0,39
BRDA:177,22,1,2
BRDA:179,23,0,39
BRDA:179,23,1,2
BRDA:180,24,0,39
BRDA:180,24,1,2
BRDA:182,25,0,39
BRDA:182,25,1,2
BRDA:191,26,0,2
BRDA:191,26,1,39
BRDA:193,27,0,2
BRDA:193,27,1,39
BRDA:194,28,0,2
BRDA:194,28,1,39
BRDA:196,29,0,2
BRDA:196,29,1,39
BRDA:206,30,0,2
BRDA:206,30,1,39
BRF:68
BRH:57
end_of_record
TN:
SF:src/pages/Gallery.jsx
FN:8,Gallery
FN:12,(anonymous_1)
FN:16,(anonymous_2)
FN:20,(anonymous_3)
FN:29,(anonymous_4)
FN:38,(anonymous_5)
FNF:6
FNH:6
FNDA:21,Gallery
FNDA:5,(anonymous_1)
FNDA:1,(anonymous_2)
FNDA:3,(anonymous_3)
FNDA:2,(anonymous_4)
FNDA:6,(anonymous_5)
DA:9,21
DA:10,21
DA:12,21
DA:13,5
DA:16,21
DA:17,1
DA:20,21
DA:21,3
DA:22,3
DA:23,2
DA:25,1
DA:29,21
DA:30,2
DA:31,2
DA:33,1
DA:38,21
DA:51,21
LF:17
LH:17
BRDA:39,0,0,6
BRDA:39,0,1,0
BRDA:43,1,0,5
BRDA:43,1,1,1
BRDA:44,2,0,5
BRDA:44,2,1,1
BRDA:45,3,0,6
BRDA:45,3,1,3
BRDA:81,4,0,2
BRDA:81,4,1,19
BRF:10
BRH:9
end_of_record
TN:
SF:src/services/api.js
FN:5,(anonymous_0)
FN:16,(anonymous_1)
FN:33,(anonymous_2)
FN:50,(anonymous_3)
FN:66,(anonymous_4)
FN:83,(anonymous_5)
FN:96,(anonymous_6)
FN:115,(anonymous_7)
FN:126,(anonymous_8)
FN:137,(anonymous_9)
FN:154,(anonymous_10)
FN:171,(anonymous_11)
FN:187,(anonymous_12)
FN:204,(anonymous_13)
FN:217,(anonymous_14)
FN:234,(anonymous_15)
FNF:16
FNH:16
FNDA:5,(anonymous_0)
FNDA:2,(anonymous_1)
FNDA:2,(anonymous_2)
FNDA:3,(anonymous_3)
FNDA:2,(anonymous_4)
FNDA:2,(anonymous_5)
FNDA:2,(anonymous_6)
FNDA:2,(anonymous_7)
FNDA:2,(anonymous_8)
FNDA:2,(anonymous_9)
FNDA:2,(anonymous_10)
FNDA:3,(anonymous_11)
FNDA:2,(anonymous_12)
FNDA:2,(anonymous_13)
FNDA:2,(anonymous_14)
FNDA:3,(anonymous_15)
DA:1,5
DA:5,5
DA:6,5
DA:7,5
DA:8,3
DA:9,2
DA:11,4
DA:12,4
DA:16,5
DA:17,2
DA:18,2
DA:25,2
DA:26,1
DA:28,1
DA:29,1
DA:33,5
DA:34,2
DA:35,2
DA:42,2
DA:43,1
DA:45,1
DA:46,1
DA:50,5
DA:51,3
DA:52,3
DA:55,3
DA:56,2
DA:57,2
DA:59,1
DA:61,2
DA:62,2
DA:66,5
DA:67,2
DA:68,2
DA:75,2
DA:76,1
DA:78,1
DA:79,1
DA:83,5
DA:84,2
DA:85,2
DA:88,2
DA:89,1
DA:91,1
DA:92,1
DA:96,5
DA:97,2
DA:98,2
DA:105,2
DA:106,1
DA:108,1
DA:109,1
DA:115,5
DA:116,2
DA:117,2
DA:118,2
DA:119,1
DA:121,1
DA:122,1
DA:126,5
DA:127,2
DA:128,2
DA:129,2
DA:130,1
DA:132,1
DA:133,1
DA:137,5
DA:138,2
DA:139,2
DA:146,2
DA:147,1
DA:149,1
DA:150,1
DA:154,5
DA:155,2
DA:156,2
DA:163,2
DA:164,1
DA:166,1
DA:167,1
DA:171,5
DA:172,3
DA:173,3
DA:176,3
DA:177,2
DA:178,2
DA:180,1
DA:182,2
DA:183,2
DA:187,5
DA:188,2
DA:189,2
DA:196,2
DA:197,1
DA:199,1
DA:200,1
DA:204,5
DA:205,2
DA:206,2
DA:209,2
DA:210,1
DA:212,1
DA:213,1
DA:217,5
DA:218,2
DA:219,2
DA:226,2
DA:227,1
DA:229,1
DA:230,1
DA:234,5
DA:235,3
DA:236,3
DA:239,3
DA:240,2
DA:241,2
DA:243,1
DA:245,2
DA:246,2
LF:119
LH:119
BRDA:8,0,0,1
BRDA:8,0,1,2
BRDA:25,1,0,1
BRDA:25,1,1,1
BRDA:42,2,0,1
BRDA:42,2,1,1
BRDA:55,3,0,2
BRDA:55,3,1,1
BRDA:57,4,0,2
BRDA:57,4,1,1
BRDA:75,5,0,1
BRDA:75,5,1,1
BRDA:88,6,0,1
BRDA:88,6,1,1
BRDA:105,7,0,1
BRDA:105,7,1,1
BRDA:118,8,0,1
BRDA:118,8,1,1
BRDA:129,9,0,1
BRDA:129,9,1,1
BRDA:146,10,0,1
BRDA:146,10,1,1
BRDA:163,11,0,1
BRDA:163,11,1,1
BRDA:176,12,0,2
BRDA:176,12,1,1
BRDA:178,13,0,2
BRDA:178,13,1,1
BRDA:196,14,0,1
BRDA:196,14,1,1
BRDA:209,15,0,1
BRDA:209,15,1,1
BRDA:226,16,0,1
BRDA:226,16,1,1
BRDA:239,17,0,2
BRDA:239,17,1,1
BRDA:241,18,0,2
BRDA:241,18,1,1
BRF:38
BRH:38
end_of_record
TN:
SF:src/three-app/ConfigMenu.jsx
FN:4,ConfigMenu
FN:19,(anonymous_1)
FN:28,(anonymous_2)
FN:37,(anonymous_3)
FN:49,(anonymous_4)
FN:51,(anonymous_5)
FN:59,(anonymous_6)
FN:122,(anonymous_7)
FN:150,(anonymous_8)
FN:165,(anonymous_9)
FN:182,(anonymous_10)
FN:198,(anonymous_11)
FNF:12
FNH:10
FNDA:13,ConfigMenu
FNDA:4,(anonymous_1)
FNDA:4,(anonymous_2)
FNDA:4,(anonymous_3)
FNDA:1,(anonymous_4)
FNDA:4,(anonymous_5)
FNDA:1,(anonymous_6)
FNDA:2,(anonymous_7)
FNDA:0,(anonymous_8)
FNDA:0,(anonymous_9)
FNDA:1,(anonymous_10)
FNDA:1,(anonymous_11)
DA:12,13
DA:13,13
DA:14,13
DA:15,13
DA:16,13
DA:19,13
DA:20,4
DA:21,4
DA:22,4
DA:24,0
DA:28,13
DA:29,4
DA:30,4
DA:31,4
DA:33,0
DA:37,13
DA:38,4
DA:39,4
DA:42,4
DA:43,4
DA:44,4
DA:45,4
DA:46,4
DA:49,13
DA:51,13
DA:52,4
DA:53,0
DA:55,4
DA:59,13
DA:60,1
DA:61,1
DA:62,1
DA:63,1
DA:65,0
DA:67,1
DA:68,1
DA:70,1
DA:71,1
DA:73,1
DA:76,13
DA:122,2
DA:150,0
DA:165,0
DA:182,1
DA:198,1
DA:239,1
LF:46
LH:40
BRDA:21,0,0,0
BRDA:21,0,1,4
BRDA:21,1,0,4
BRDA:21,1,1,4
BRDA:30,2,0,0
BRDA:30,2,1,4
BRDA:30,3,0,4
BRDA:30,3,1,4
BRDA:52,4,0,0
BRDA:52,4,1,4
BRDA:107,5,0,13
BRDA:107,5,1,6
BRDA:120,6,0,13
BRDA:120,6,1,6
BRF:14
BRH:11
end_of_record
TN:
SF:src/three-app/suncalc.js
FN:8,(anonymous_0)
FN:30,toJulian
FN:33,fromJulian
FN:36,toDays
FN:44,rightAscension
FN:47,declination
FN:51,azimuth
FN:54,altitude
FN:58,siderealTime
FN:62,astroRefraction
FN:74,solarMeanAnomaly
FN:78,eclipticLongitude
FN:85,sunCoords
FN:99,(anonymous_13)
FN:125,(anonymous_14)
FN:133,julianCycle
FN:137,approxTransit
FN:140,solarTransitJ
FN:144,hourAngle
FN:147,observerAngle
FN:152,getSetJ
FN:161,(anonymous_21)
FN:202,moonCoords
FN:219,(anonymous_23)
FN:243,(anonymous_24)
FN:264,hoursLater
FN:270,(anonymous_26)
FNF:27
FNH:27
FNDA:2,(anonymous_0)
FNDA:209,toJulian
FNDA:324,fromJulian
FNDA:209,toDays
FNDA:199,rightAscension
FNDA:219,declination
FNDA:179,azimuth
FNDA:179,altitude
FNDA:179,siderealTime
FNDA:163,astroRefraction
FNDA:46,solarMeanAnomaly
FNDA:46,eclipticLongitude
FNDA:26,sunCoords
FNDA:16,(anonymous_13)
FNDA:2,(anonymous_14)
FNDA:20,julianCycle
FNDA:162,approxTransit
FNDA:162,solarTransitJ
FNDA:142,hourAngle
FNDA:20,observerAngle
FNDA:142,getSetJ
FNDA:20,(anonymous_21)
FNDA:173,moonCoords
FNDA:163,(anonymous_23)
FNDA:10,(anonymous_24)
FNDA:158,hoursLater
FNDA:7,(anonymous_26)
DA:6,2
DA:8,2
DA:13,2
DA:14,2
DA:15,2
DA:16,2
DA:17,2
DA:18,2
DA:19,2
DA:20,2
DA:26,2
DA:27,2
DA:28,2
DA:31,209
DA:34,324
DA:37,209
DA:42,2
DA:45,199
DA:48,219
DA:52,179
DA:55,179
DA:59,179
DA:63,163
DA:65,81
DA:69,163
DA:75,46
DA:79,46
DA:80,46
DA:82,46
DA:86,26
DA:87,26
DA:89,26
DA:95,2
DA:99,2
DA:100,16
DA:101,16
DA:102,16
DA:103,16
DA:104,16
DA:106,16
DA:114,2
DA:125,2
DA:126,2
DA:131,2
DA:134,20
DA:138,162
DA:141,162
DA:145,142
DA:148,20
DA:153,142
DA:154,142
DA:155,142
DA:161,2
DA:162,20
DA:164,20
DA:165,20
DA:166,20
DA:167,20
DA:168,20
DA:169,20
DA:170,20
DA:171,20
DA:172,20
DA:173,20
DA:181,20
DA:186,20
DA:187,142
DA:188,142
DA:190,142
DA:191,142
DA:193,142
DA:194,142
DA:197,20
DA:205,173
DA:206,173
DA:207,173
DA:208,173
DA:209,173
DA:210,173
DA:212,173
DA:219,2
DA:220,163
DA:221,163
DA:222,163
DA:223,163
DA:224,163
DA:225,163
DA:227,163
DA:229,163
DA:231,163
DA:243,2
DA:244,10
DA:245,10
DA:246,10
DA:247,10
DA:248,10
DA:251,10
DA:252,10
DA:257,10
DA:265,158
DA:270,2
DA:271,7
DA:272,7
DA:273,6
DA:275,7
DA:276,7
DA:292,7
DA:293,74
DA:294,74
DA:297,74
DA:298,74
DA:299,74
DA:300,74
DA:301,74
DA:302,74
DA:304,74
DA:305,64
DA:306,64
DA:307,64
DA:308,64
DA:309,64
DA:310,64
DA:313,74
DA:314,10
DA:315,5
DA:316,64
DA:317,0
DA:318,0
DA:321,74
DA:323,69
DA:326,7
DA:328,7
DA:329,7
DA:331,7
DA:333,7
DA:337,2
DA:338,2
DA:339,0
DA:340,0
LF:139
LH:135
BRDA:63,0,0,81
BRDA:63,0,1,82
BRDA:162,1,0,20
BRDA:162,1,1,17
BRDA:244,2,0,10
BRDA:244,2,1,1
BRDA:259,3,0,2
BRDA:259,3,1,8
BRDA:272,4,0,1
BRDA:272,4,1,6
BRDA:304,5,0,64
BRDA:304,5,1,10
BRDA:308,6,0,5
BRDA:308,6,1,59
BRDA:309,7,0,5
BRDA:309,7,1,59
BRDA:310,8,0,53
BRDA:310,8,1,11
BRDA:313,9,0,10
BRDA:313,9,1,64
BRDA:314,10,0,5
BRDA:314,10,1,5
BRDA:316,11,0,0
BRDA:316,11,1,64
BRDA:317,12,0,0
BRDA:317,12,1,0
BRDA:318,13,0,0
BRDA:318,13,1,0
BRDA:321,14,0,5
BRDA:321,14,1,69
BRDA:321,15,0,74
BRDA:321,15,1,5
BRDA:328,16,0,5
BRDA:328,16,1,2
BRDA:329,17,0,5
BRDA:329,17,1,2
BRDA:331,18,0,2
BRDA:331,18,1,5
BRDA:331,19,0,7
BRDA:331,19,1,2
BRDA:331,20,0,1
BRDA:331,20,1,1
BRDA:337,21,0,2
BRDA:337,21,1,0
BRDA:337,22,0,2
BRDA:337,22,1,2
BRDA:339,23,0,0
BRDA:339,23,1,0
BRDA:339,24,0,0
BRDA:339,24,1,0
BRF:50
BRH:40
end_of_record
